[debug] [2021-11-02T07:36:09.119Z] ----------------------------------------------------------------------
[debug] [2021-11-02T07:36:09.121Z] Command:       /usr/local/bin/node /usr/local/bin/firebase init
[debug] [2021-11-02T07:36:09.122Z] CLI Version:   9.16.0
[debug] [2021-11-02T07:36:09.122Z] Platform:      darwin
[debug] [2021-11-02T07:36:09.122Z] Node Version:  v14.17.3
[debug] [2021-11-02T07:36:09.123Z] Time:          Tue Nov 02 2021 14:36:09 GMT+0700 (Indochina Time)
[debug] [2021-11-02T07:36:09.123Z] ----------------------------------------------------------------------
[debug] 
[debug] [2021-11-02T07:36:09.175Z] > command requires scopes: ["email","openid","https://www.googleapis.com/auth/cloudplatformprojects.readonly","https://www.googleapis.com/auth/firebase","https://www.googleapis.com/auth/cloud-platform"]
[debug] [2021-11-02T07:36:09.176Z] > authorizing via signed-in user (tranthuan.ttt@gmail.com)
[info] 
     ######## #### ########  ######## ########     ###     ######  ########
     ##        ##  ##     ## ##       ##     ##  ##   ##  ##       ##
     ######    ##  ########  ######   ########  #########  ######  ######
     ##        ##  ##    ##  ##       ##     ## ##     ##       ## ##
     ##       #### ##     ## ######## ########  ##     ##  ######  ########

You're about to initialize a Firebase project in this directory:

  /Users/softech/Documents/my-projects/friday-songs

Before we get started, keep in mind:

  * You are initializing within an existing Firebase project directory

